1466471125.594665 client started (6612): socket /private/tmp/tmux-501/default, protocol 8
1466471125.594690 on Darwin 14.5.0 Darwin Kernel Version 14.5.0: Thu Apr 21 20:40:54 PDT 2016; root:xnu-2782.50.3~1/RELEASE_X86_64; libevent 2.0.22-stable (kqueue)
1466471125.594725 socket is /private/tmp/tmux-501/default
1466471125.594736 trying connect
1466471125.594833 add peer 0x7f83a881ec00: 5 (0x0)
1466471125.595828 sending message 100 to peer 0x7f83a881ec00 (4 bytes)
1466471125.595839 sending message 101 to peer 0x7f83a881ec00 (7 bytes)
1466471125.595843 sending message 102 to peer 0x7f83a881ec00 (13 bytes)
1466471125.595846 sending message 108 to peer 0x7f83a881ec00 (45 bytes)
1466471125.595852 sending message 104 to peer 0x7f83a881ec00 (0 bytes)
1466471125.595855 sending message 107 to peer 0x7f83a881ec00 (4 bytes)
1466471125.595858 sending message 105 to peer 0x7f83a881ec00 (76 bytes)
1466471125.595861 sending message 105 to peer 0x7f83a881ec00 (75 bytes)
1466471125.595864 sending message 105 to peer 0x7f83a881ec00 (16 bytes)
1466471125.595868 sending message 105 to peer 0x7f83a881ec00 (17 bytes)
1466471125.595871 sending message 105 to peer 0x7f83a881ec00 (21 bytes)
1466471125.595873 sending message 105 to peer 0x7f83a881ec00 (8 bytes)
1466471125.595876 sending message 105 to peer 0x7f83a881ec00 (12 bytes)
1466471125.595879 sending message 105 to peer 0x7f83a881ec00 (32 bytes)
1466471125.595882 sending message 105 to peer 0x7f83a881ec00 (52 bytes)
1466471125.595885 sending message 105 to peer 0x7f83a881ec00 (11 bytes)
1466471125.595888 sending message 105 to peer 0x7f83a881ec00 (63 bytes)
1466471125.595891 sending message 105 to peer 0x7f83a881ec00 (49 bytes)
1466471125.595894 sending message 105 to peer 0x7f83a881ec00 (24 bytes)
1466471125.595897 sending message 105 to peer 0x7f83a881ec00 (15 bytes)
1466471125.595900 sending message 105 to peer 0x7f83a881ec00 (8 bytes)
1466471125.595903 sending message 105 to peer 0x7f83a881ec00 (66 bytes)
1466471125.595906 sending message 105 to peer 0x7f83a881ec00 (12 bytes)
1466471125.595909 sending message 105 to peer 0x7f83a881ec00 (28 bytes)
1466471125.595912 sending message 105 to peer 0x7f83a881ec00 (27 bytes)
1466471125.595915 sending message 105 to peer 0x7f83a881ec00 (53 bytes)
1466471125.595918 sending message 105 to peer 0x7f83a881ec00 (57 bytes)
1466471125.595921 sending message 105 to peer 0x7f83a881ec00 (42 bytes)
1466471125.595924 sending message 105 to peer 0x7f83a881ec00 (13 bytes)
1466471125.595927 sending message 105 to peer 0x7f83a881ec00 (9 bytes)
1466471125.595930 sending message 105 to peer 0x7f83a881ec00 (14 bytes)
1466471125.595933 sending message 105 to peer 0x7f83a881ec00 (19 bytes)
1466471125.595936 sending message 105 to peer 0x7f83a881ec00 (26 bytes)
1466471125.595938 sending message 105 to peer 0x7f83a881ec00 (22 bytes)
1466471125.595941 sending message 105 to peer 0x7f83a881ec00 (38 bytes)
1466471125.595944 sending message 105 to peer 0x7f83a881ec00 (11 bytes)
1466471125.595947 sending message 106 to peer 0x7f83a881ec00 (0 bytes)
1466471125.595954 sending message 200 to peer 0x7f83a881ec00 (4 bytes)
1466471125.595957 client loop enter
1466471125.597019 peer 0x7f83a881ec00 message 211
1466471125.597036 peer 0x7f83a881ec00 message 203
1466471125.597041 client loop exit
